

Started GET "/api/v1/group/add?input_format=json&input_data=%7B%22group_emails%22:%5B%22diaz@shehhshdhsn.kz%22%5D,%22token%22:%2296bdb4f6e5424aab3a201c923c30b224%22,%22mail%22:%22sales@shehhshdhsn.kz%22%7D" for 92.46.10.202 at 2015-03-02 06:00:57 -0500
Processing by Api::V1::GroupsController#add as */*
  Parameters: {"input_format"=>"json", "input_data"=>"{\"group_emails\":[\"diaz@shehhshdhsn.kz\"],\"token\":\"96bdb4f6e5424aab3a201c923c30b224\",\"mail\":\"sales@shehhshdhsn.kz\"}"}
  [1m[36mApiKey Load (0.3ms)[0m  [1mSELECT  "api_keys".* FROM "api_keys"  WHERE "api_keys"."access_token" = '96bdb4f6e5424aab3a201c923c30b224'  ORDER BY "api_keys"."id" ASC LIMIT 1[0m
  [1m[35mUser Load (0.1ms)[0m  SELECT  "users".* FROM "users"  WHERE "users"."id" = ? LIMIT 1  [["id", 9]]
  [1m[36mCACHE (0.0ms)[0m  [1mSELECT  "api_keys".* FROM "api_keys"  WHERE "api_keys"."access_token" = '96bdb4f6e5424aab3a201c923c30b224'  ORDER BY "api_keys"."id" ASC LIMIT 1[0m
  [1m[35mDomain Load (0.3ms)[0m  SELECT  "domains".* FROM "domains"  WHERE (domain = 'shehhshdhsn.kz')  ORDER BY "domains"."id" ASC LIMIT 1
  [1m[36mGroup Load (0.3ms)[0m  [1mSELECT  "groups".* FROM "groups"  WHERE (email = 'sales@shehhshdhsn.kz' AND domain_id = 9)  ORDER BY "groups"."id" ASC LIMIT 1[0m
  [1m[35mEmailAccount Load (0.4ms)[0m  SELECT  "email_accounts".* FROM "email_accounts"  WHERE (email = 'diaz@shehhshdhsn.kz')  ORDER BY "email_accounts"."id" ASC LIMIT 1
  [1m[36mGroup Load (0.7ms)[0m  [1mSELECT  "groups".* FROM "groups" INNER JOIN "email_accounts_groups" ON "groups"."id" = "email_accounts_groups"."group_id" WHERE "email_accounts_groups"."email_account_id" = ? AND (email_account_id = 12)  ORDER BY "groups"."id" ASC LIMIT 1[0m  [["email_account_id", 12]]
  [1m[35m (0.2ms)[0m  begin transaction
  [1m[36mSQL (0.5ms)[0m  [1mINSERT INTO "email_accounts_groups" ("email_account_id", "group_id") VALUES (?, ?)[0m  [["email_account_id", 12], ["group_id", 5]]
  [1m[35m (4.0ms)[0m  commit transaction
  [1m[36m (0.2ms)[0m  [1mbegin transaction[0m
  [1m[35mGroup Exists (0.4ms)[0m  SELECT  1 AS one FROM "groups"  WHERE ("groups"."email" = 'sales@shehhshdhsn.kz' AND "groups"."id" != 5) LIMIT 1
  [1m[36m (0.2ms)[0m  [1mcommit transaction[0m
Completed 201 Created in 44ms (Views: 0.5ms | ActiveRecord: 8.0ms)


Started GET "/api/v1/domain/list?input_format=json&input_data=%7B%0A%20%20%22token%22%20:%20%2296bdb4f6e5424aab3a201c923c30b224%22%0A%7D" for 92.46.10.202 at 2015-03-02 06:01:03 -0500
Processing by Api::V1::DomainsController#list as */*
  Parameters: {"input_format"=>"json", "input_data"=>"{\n  \"token\" : \"96bdb4f6e5424aab3a201c923c30b224\"\n}"}
  [1m[35mApiKey Load (0.3ms)[0m  SELECT  "api_keys".* FROM "api_keys"  WHERE "api_keys"."access_token" = '96bdb4f6e5424aab3a201c923c30b224'  ORDER BY "api_keys"."id" ASC LIMIT 1
  [1m[36mUser Load (0.1ms)[0m  [1mSELECT  "users".* FROM "users"  WHERE "users"."id" = ? LIMIT 1[0m  [["id", 9]]
  [1m[35mCACHE (0.0ms)[0m  SELECT  "api_keys".* FROM "api_keys"  WHERE "api_keys"."access_token" = '96bdb4f6e5424aab3a201c923c30b224'  ORDER BY "api_keys"."id" ASC LIMIT 1
  [1m[36mCACHE (0.0ms)[0m  [1mSELECT  "api_keys".* FROM "api_keys"  WHERE "api_keys"."access_token" = '96bdb4f6e5424aab3a201c923c30b224'  ORDER BY "api_keys"."id" ASC LIMIT 1[0m
  [1m[35mCACHE (0.0ms)[0m  SELECT  "users".* FROM "users"  WHERE "users"."id" = ? LIMIT 1  [["id", 9]]
  [1m[36mDomain Load (0.1ms)[0m  [1mSELECT "domains".* FROM "domains"  WHERE "domains"."user_id" = ?[0m  [["user_id", 9]]
  [1m[35mBilling::Subscription Load (0.2ms)[0m  SELECT  "billing_subscriptions".* FROM "billing_subscriptions"  WHERE (type_of = 'domain' and domain = 'shehhshdhsn.kz')  ORDER BY "billing_subscriptions"."id" ASC LIMIT 1
  [1m[36mBilling::Subscription Load (0.2ms)[0m  [1mSELECT  "billing_subscriptions".* FROM "billing_subscriptions"  WHERE (type_of = 'domain' and domain = 'dhdjjdndjdn.kz')  ORDER BY "billing_subscriptions"."id" ASC LIMIT 1[0m
Completed 201 Created in 10ms (Views: 1.5ms | ActiveRecord: 1.1ms)


Started GET "/api/v1/user/list?input_format=json&input_data=%7B%0A%20%20%22token%22%20:%20%2296bdb4f6e5424aab3a201c923c30b224%22%0A%7D" for 92.46.10.202 at 2015-03-02 06:01:03 -0500
Processing by Api::V1::UsersController#list as */*
  Parameters: {"input_format"=>"json", "input_data"=>"{\n  \"token\" : \"96bdb4f6e5424aab3a201c923c30b224\"\n}"}
  [1m[35mApiKey Load (0.4ms)[0m  SELECT  "api_keys".* FROM "api_keys"  WHERE "api_keys"."access_token" = '96bdb4f6e5424aab3a201c923c30b224'  ORDER BY "api_keys"."id" ASC LIMIT 1
  [1m[36mUser Load (0.1ms)[0m  [1mSELECT  "users".* FROM "users"  WHERE "users"."id" = ? LIMIT 1[0m  [["id", 9]]
  [1m[35mCACHE (0.0ms)[0m  SELECT  "api_keys".* FROM "api_keys"  WHERE "api_keys"."access_token" = '96bdb4f6e5424aab3a201c923c30b224'  ORDER BY "api_keys"."id" ASC LIMIT 1
  [1m[36mCACHE (0.0ms)[0m  [1mSELECT  "api_keys".* FROM "api_keys"  WHERE "api_keys"."access_token" = '96bdb4f6e5424aab3a201c923c30b224'  ORDER BY "api_keys"."id" ASC LIMIT 1[0m
  [1m[35mCACHE (0.0ms)[0m  SELECT  "users".* FROM "users"  WHERE "users"."id" = ? LIMIT 1  [["id", 9]]
  [1m[36m (0.2ms)[0m  [1mSELECT "domains".id FROM "domains"  WHERE "domains"."user_id" = ?[0m  [["user_id", 9]]
  [1m[35mEmailAccount Load (0.3ms)[0m  SELECT "email_accounts".* FROM "email_accounts"  WHERE (domain_id IN (9,10))
  [1m[36mCACHE (0.0ms)[0m  [1mSELECT  "users".* FROM "users"  WHERE "users"."id" = ? LIMIT 1[0m  [["id", 9]]
  [1m[35mCACHE (0.0ms)[0m  SELECT  "users".* FROM "users"  WHERE "users"."id" = ? LIMIT 1  [["id", 9]]
  [1m[36mCACHE (0.0ms)[0m  [1mSELECT  "users".* FROM "users"  WHERE "users"."id" = ? LIMIT 1[0m  [["id", 9]]
Completed 201 Created in 13ms (Views: 1.6ms | ActiveRecord: 1.1ms)


Started GET "/api/v1/domain/list?input_format=json&input_data=%7B%0A%20%20%22token%22%20:%20%2296bdb4f6e5424aab3a201c923c30b224%22%0A%7D" for 92.46.10.202 at 2015-03-02 06:01:03 -0500
Processing by Api::V1::DomainsController#list as */*
  Parameters: {"input_format"=>"json", "input_data"=>"{\n  \"token\" : \"96bdb4f6e5424aab3a201c923c30b224\"\n}"}
  [1m[35mApiKey Load (0.3ms)[0m  SELECT  "api_keys".* FROM "api_keys"  WHERE "api_keys"."access_token" = '96bdb4f6e5424aab3a201c923c30b224'  ORDER BY "api_keys"."id" ASC LIMIT 1
  [1m[36mUser Load (0.1ms)[0m  [1mSELECT  "users".* FROM "users"  WHERE "users"."id" = ? LIMIT 1[0m  [["id", 9]]
  [1m[35mCACHE (0.0ms)[0m  SELECT  "api_keys".* FROM "api_keys"  WHERE "api_keys"."access_token" = '96bdb4f6e5424aab3a201c923c30b224'  ORDER BY "api_keys"."id" ASC LIMIT 1
  [1m[36mCACHE (0.0ms)[0m  [1mSELECT  "api_keys".* FROM "api_keys"  WHERE "api_keys"."access_token" = '96bdb4f6e5424aab3a201c923c30b224'  ORDER BY "api_keys"."id" ASC LIMIT 1[0m
  [1m[35mCACHE (0.0ms)[0m  SELECT  "users".* FROM "users"  WHERE "users"."id" = ? LIMIT 1  [["id", 9]]
  [1m[36mDomain Load (0.1ms)[0m  [1mSELECT "domains".* FROM "domains"  WHERE "domains"."user_id" = ?[0m  [["user_id", 9]]
  [1m[35mBilling::Subscription Load (0.2ms)[0m  SELECT  "billing_subscriptions".* FROM "billing_subscriptions"  WHERE (type_of = 'domain' and domain = 'shehhshdhsn.kz')  ORDER BY "billing_subscriptions"."id" ASC LIMIT 1
  [1m[36mBilling::Subscription Load (0.2ms)[0m  [1mSELECT  "billing_subscriptions".* FROM "billing_subscriptions"  WHERE (type_of = 'domain' and domain = 'dhdjjdndjdn.kz')  ORDER BY "billing_subscriptions"."id" ASC LIMIT 1[0m
Completed 201 Created in 9ms (Views: 0.6ms | ActiveRecord: 1.1ms)


Started GET "/api/v1/user/balance?input_format=json&input_data=%7B%0A%20%20%22token%22%20:%20%2296bdb4f6e5424aab3a201c923c30b224%22%0A%7D" for 92.46.10.202 at 2015-03-02 06:01:03 -0500
Processing by Api::V1::UsersController#balance as */*
  Parameters: {"input_format"=>"json", "input_data"=>"{\n  \"token\" : \"96bdb4f6e5424aab3a201c923c30b224\"\n}"}
  [1m[35mApiKey Load (0.3ms)[0m  SELECT  "api_keys".* FROM "api_keys"  WHERE "api_keys"."access_token" = '96bdb4f6e5424aab3a201c923c30b224'  ORDER BY "api_keys"."id" ASC LIMIT 1
  [1m[36mUser Load (0.1ms)[0m  [1mSELECT  "users".* FROM "users"  WHERE "users"."id" = ? LIMIT 1[0m  [["id", 9]]
  [1m[35mCACHE (0.0ms)[0m  SELECT  "api_keys".* FROM "api_keys"  WHERE "api_keys"."access_token" = '96bdb4f6e5424aab3a201c923c30b224'  ORDER BY "api_keys"."id" ASC LIMIT 1
  [1m[36mCACHE (0.0ms)[0m  [1mSELECT  "api_keys".* FROM "api_keys"  WHERE "api_keys"."access_token" = '96bdb4f6e5424aab3a201c923c30b224'  ORDER BY "api_keys"."id" ASC LIMIT 1[0m
  [1m[35mCACHE (0.0ms)[0m  SELECT  "users".* FROM "users"  WHERE "users"."id" = ? LIMIT 1  [["id", 9]]
Completed 201 Created in 5ms (Views: 0.3ms | ActiveRecord: 0.5ms)


Started GET "/api/v1/user/balance?input_format=json&input_data=%7B%0A%20%20%22token%22%20:%20%2296bdb4f6e5424aab3a201c923c30b224%22%0A%7D" for 92.46.10.202 at 2015-03-02 06:01:04 -0500
Processing by Api::V1::UsersController#balance as */*
  Parameters: {"input_format"=>"json", "input_data"=>"{\n  \"token\" : \"96bdb4f6e5424aab3a201c923c30b224\"\n}"}
  [1m[36mApiKey Load (0.3ms)[0m  [1mSELECT  "api_keys".* FROM "api_keys"  WHERE "api_keys"."access_token" = '96bdb4f6e5424aab3a201c923c30b224'  ORDER BY "api_keys"."id" ASC LIMIT 1[0m
  [1m[35mUser Load (0.1ms)[0m  SELECT  "users".* FROM "users"  WHERE "users"."id" = ? LIMIT 1  [["id", 9]]
  [1m[36mCACHE (0.0ms)[0m  [1mSELECT  "api_keys".* FROM "api_keys"  WHERE "api_keys"."access_token" = '96bdb4f6e5424aab3a201c923c30b224'  ORDER BY "api_keys"."id" ASC LIMIT 1[0m
  [1m[35mCACHE (0.0ms)[0m  SELECT  "api_keys".* FROM "api_keys"  WHERE "api_keys"."access_token" = '96bdb4f6e5424aab3a201c923c30b224'  ORDER BY "api_keys"."id" ASC LIMIT 1
  [1m[36mCACHE (0.0ms)[0m  [1mSELECT  "users".* FROM "users"  WHERE "users"."id" = ? LIMIT 1[0m  [["id", 9]]
Completed 201 Created in 5ms (Views: 0.3ms | ActiveRecord: 0.5ms)


Started GET "/api/v1/group/list?input_format=json&input_data=%7B%0A%20%20%22token%22%20:%20%2296bdb4f6e5424aab3a201c923c30b224%22%0A%7D" for 92.46.10.202 at 2015-03-02 06:01:04 -0500
Processing by Api::V1::GroupsController#list as */*
  Parameters: {"input_format"=>"json", "input_data"=>"{\n  \"token\" : \"96bdb4f6e5424aab3a201c923c30b224\"\n}"}
  [1m[35mApiKey Load (0.3ms)[0m  SELECT  "api_keys".* FROM "api_keys"  WHERE "api_keys"."access_token" = '96bdb4f6e5424aab3a201c923c30b224'  ORDER BY "api_keys"."id" ASC LIMIT 1
  [1m[36mUser Load (0.1ms)[0m  [1mSELECT  "users".* FROM "users"  WHERE "users"."id" = ? LIMIT 1[0m  [["id", 9]]
  [1m[35mCACHE (0.0ms)[0m  SELECT  "api_keys".* FROM "api_keys"  WHERE "api_keys"."access_token" = '96bdb4f6e5424aab3a201c923c30b224'  ORDER BY "api_keys"."id" ASC LIMIT 1
  [1m[36mCACHE (0.1ms)[0m  [1mSELECT  "api_keys".* FROM "api_keys"  WHERE "api_keys"."access_token" = '96bdb4f6e5424aab3a201c923c30b224'  ORDER BY "api_keys"."id" ASC LIMIT 1[0m
  [1m[35mCACHE (0.0ms)[0m  SELECT  "users".* FROM "users"  WHERE "users"."id" = ? LIMIT 1  [["id", 9]]
  [1m[36m (0.1ms)[0m  [1mSELECT "domains".id FROM "domains"  WHERE "domains"."user_id" = ?[0m  [["user_id", 9]]
  [1m[35mGroup Load (0.3ms)[0m  SELECT "groups".* FROM "groups"  WHERE (domain_id IN (9,10))
  [1m[36mDomain Load (0.2ms)[0m  [1mSELECT  "domains".* FROM "domains"  WHERE (id = 9)  ORDER BY "domains"."id" ASC LIMIT 1[0m
Completed 201 Created in 8ms (Views: 0.3ms | ActiveRecord: 1.1ms)


Started GET "/api/v1/user/balance?input_format=json&input_data=%7B%0A%20%20%22token%22%20:%20%2296bdb4f6e5424aab3a201c923c30b224%22%0A%7D" for 92.46.10.202 at 2015-03-02 06:01:04 -0500
Processing by Api::V1::UsersController#balance as */*
  Parameters: {"input_format"=>"json", "input_data"=>"{\n  \"token\" : \"96bdb4f6e5424aab3a201c923c30b224\"\n}"}
  [1m[35mApiKey Load (0.3ms)[0m  SELECT  "api_keys".* FROM "api_keys"  WHERE "api_keys"."access_token" = '96bdb4f6e5424aab3a201c923c30b224'  ORDER BY "api_keys"."id" ASC LIMIT 1
  [1m[36mUser Load (0.1ms)[0m  [1mSELECT  "users".* FROM "users"  WHERE "users"."id" = ? LIMIT 1[0m  [["id", 9]]
  [1m[35mCACHE (0.0ms)[0m  SELECT  "api_keys".* FROM "api_keys"  WHERE "api_keys"."access_token" = '96bdb4f6e5424aab3a201c923c30b224'  ORDER BY "api_keys"."id" ASC LIMIT 1
  [1m[36mCACHE (0.0ms)[0m  [1mSELECT  "api_keys".* FROM "api_keys"  WHERE "api_keys"."access_token" = '96bdb4f6e5424aab3a201c923c30b224'  ORDER BY "api_keys"."id" ASC LIMIT 1[0m
  [1m[35mCACHE (0.0ms)[0m  SELECT  "users".* FROM "users"  WHERE "users"."id" = ? LIMIT 1  [["id", 9]]
Completed 201 Created in 6ms (Views: 0.3ms | ActiveRecord: 0.5ms)


Started GET "/api/v1/group/list?input_format=json&input_data=%7B%0A%20%20%22token%22%20:%20%2296bdb4f6e5424aab3a201c923c30b224%22%0A%7D" for 92.46.10.202 at 2015-03-02 06:01:04 -0500
Processing by Api::V1::GroupsController#list as */*
  Parameters: {"input_format"=>"json", "input_data"=>"{\n  \"token\" : \"96bdb4f6e5424aab3a201c923c30b224\"\n}"}
  [1m[36mApiKey Load (0.3ms)[0m  [1mSELECT  "api_keys".* FROM "api_keys"  WHERE "api_keys"."access_token" = '96bdb4f6e5424aab3a201c923c30b224'  ORDER BY "api_keys"."id" ASC LIMIT 1[0m
  [1m[35mUser Load (0.1ms)[0m  SELECT  "users".* FROM "users"  WHERE "users"."id" = ? LIMIT 1  [["id", 9]]
  [1m[36mCACHE (0.0ms)[0m  [1mSELECT  "api_keys".* FROM "api_keys"  WHERE "api_keys"."access_token" = '96bdb4f6e5424aab3a201c923c30b224'  ORDER BY "api_keys"."id" ASC LIMIT 1[0m
  [1m[35mCACHE (0.1ms)[0m  SELECT  "api_keys".* FROM "api_keys"  WHERE "api_keys"."access_token" = '96bdb4f6e5424aab3a201c923c30b224'  ORDER BY "api_keys"."id" ASC LIMIT 1
  [1m[36mCACHE (0.0ms)[0m  [1mSELECT  "users".* FROM "users"  WHERE "users"."id" = ? LIMIT 1[0m  [["id", 9]]
  [1m[35m (0.3ms)[0m  SELECT "domains".id FROM "domains"  WHERE "domains"."user_id" = ?  [["user_id", 9]]
  [1m[36mGroup Load (0.5ms)[0m  [1mSELECT "groups".* FROM "groups"  WHERE (domain_id IN (9,10))[0m
  [1m[35mDomain Load (0.3ms)[0m  SELECT  "domains".* FROM "domains"  WHERE (id = 9)  ORDER BY "domains"."id" ASC LIMIT 1
Completed 201 Created in 12ms (Views: 0.5ms | ActiveRecord: 1.7ms)


Started GET "/api/v1/user/balance?input_format=json&input_data=%7B%0A%20%20%22token%22%20:%20%2296bdb4f6e5424aab3a201c923c30b224%22%0A%7D" for 92.46.10.202 at 2015-03-02 06:01:04 -0500
Processing by Api::V1::UsersController#balance as */*
  Parameters: {"input_format"=>"json", "input_data"=>"{\n  \"token\" : \"96bdb4f6e5424aab3a201c923c30b224\"\n}"}
  [1m[36mApiKey Load (0.3ms)[0m  [1mSELECT  "api_keys".* FROM "api_keys"  WHERE "api_keys"."access_token" = '96bdb4f6e5424aab3a201c923c30b224'  ORDER BY "api_keys"."id" ASC LIMIT 1[0m
  [1m[35mUser Load (0.2ms)[0m  SELECT  "users".* FROM "users"  WHERE "users"."id" = ? LIMIT 1  [["id", 9]]
  [1m[36mCACHE (0.0ms)[0m  [1mSELECT  "api_keys".* FROM "api_keys"  WHERE "api_keys"."access_token" = '96bdb4f6e5424aab3a201c923c30b224'  ORDER BY "api_keys"."id" ASC LIMIT 1[0m
  [1m[35mCACHE (0.0ms)[0m  SELECT  "api_keys".* FROM "api_keys"  WHERE "api_keys"."access_token" = '96bdb4f6e5424aab3a201c923c30b224'  ORDER BY "api_keys"."id" ASC LIMIT 1
  [1m[36mCACHE (0.0ms)[0m  [1mSELECT  "users".* FROM "users"  WHERE "users"."id" = ? LIMIT 1[0m  [["id", 9]]
Completed 201 Created in 8ms (Views: 0.3ms | ActiveRecord: 0.6ms)


Started GET "/api/v1/user/list?input_format=json&input_data=%7B%0A%20%20%22token%22%20:%20%2296bdb4f6e5424aab3a201c923c30b224%22%0A%7D" for 92.46.10.202 at 2015-03-02 06:01:04 -0500
Processing by Api::V1::UsersController#list as */*
  Parameters: {"input_format"=>"json", "input_data"=>"{\n  \"token\" : \"96bdb4f6e5424aab3a201c923c30b224\"\n}"}
  [1m[35mApiKey Load (0.4ms)[0m  SELECT  "api_keys".* FROM "api_keys"  WHERE "api_keys"."access_token" = '96bdb4f6e5424aab3a201c923c30b224'  ORDER BY "api_keys"."id" ASC LIMIT 1
  [1m[36mUser Load (0.2ms)[0m  [1mSELECT  "users".* FROM "users"  WHERE "users"."id" = ? LIMIT 1[0m  [["id", 9]]
  [1m[35mCACHE (0.0ms)[0m  SELECT  "api_keys".* FROM "api_keys"  WHERE "api_keys"."access_token" = '96bdb4f6e5424aab3a201c923c30b224'  ORDER BY "api_keys"."id" ASC LIMIT 1
  [1m[36mCACHE (0.0ms)[0m  [1mSELECT  "api_keys".* FROM "api_keys"  WHERE "api_keys"."access_token" = '96bdb4f6e5424aab3a201c923c30b224'  ORDER BY "api_keys"."id" ASC LIMIT 1[0m
  [1m[35mCACHE (0.0ms)[0m  SELECT  "users".* FROM "users"  WHERE "users"."id" = ? LIMIT 1  [["id", 9]]
  [1m[36m (0.3ms)[0m  [1mSELECT "domains".id FROM "domains"  WHERE "domains"."user_id" = ?[0m  [["user_id", 9]]
  [1m[35mEmailAccount Load (0.5ms)[0m  SELECT "email_accounts".* FROM "email_accounts"  WHERE (domain_id IN (9,10))
  [1m[36mCACHE (0.0ms)[0m  [1mSELECT  "users".* FROM "users"  WHERE "users"."id" = ? LIMIT 1[0m  [["id", 9]]
  [1m[35mCACHE (0.0ms)[0m  SELECT  "users".* FROM "users"  WHERE "users"."id" = ? LIMIT 1  [["id", 9]]
  [1m[36mCACHE (0.0ms)[0m  [1mSELECT  "users".* FROM "users"  WHERE "users"."id" = ? LIMIT 1[0m  [["id", 9]]
Completed 201 Created in 16ms (Views: 2.3ms | ActiveRecord: 1.6ms)


Started GET "/api/v1/group/info?input_format=json&input_data=%7B%22token%22:%2296bdb4f6e5424aab3a201c923c30b224%22,%22mail%22:%22sales@shehhshdhsn.kz%22%7D" for 92.46.10.202 at 2015-03-02 06:01:05 -0500
Processing by Api::V1::GroupsController#info as */*
  Parameters: {"input_format"=>"json", "input_data"=>"{\"token\":\"96bdb4f6e5424aab3a201c923c30b224\",\"mail\":\"sales@shehhshdhsn.kz\"}"}
  [1m[35mApiKey Load (0.5ms)[0m  SELECT  "api_keys".* FROM "api_keys"  WHERE "api_keys"."access_token" = '96bdb4f6e5424aab3a201c923c30b224'  ORDER BY "api_keys"."id" ASC LIMIT 1
  [1m[36mUser Load (0.2ms)[0m  [1mSELECT  "users".* FROM "users"  WHERE "users"."id" = ? LIMIT 1[0m  [["id", 9]]
  [1m[35mCACHE (0.0ms)[0m  SELECT  "api_keys".* FROM "api_keys"  WHERE "api_keys"."access_token" = '96bdb4f6e5424aab3a201c923c30b224'  ORDER BY "api_keys"."id" ASC LIMIT 1
  [1m[36mCACHE (0.0ms)[0m  [1mSELECT  "api_keys".* FROM "api_keys"  WHERE "api_keys"."access_token" = '96bdb4f6e5424aab3a201c923c30b224'  ORDER BY "api_keys"."id" ASC LIMIT 1[0m
  [1m[35mCACHE (0.1ms)[0m  SELECT  "users".* FROM "users"  WHERE "users"."id" = ? LIMIT 1  [["id", 9]]
  [1m[36mDomain Load (0.2ms)[0m  [1mSELECT  "domains".* FROM "domains"  WHERE "domains"."user_id" = ? AND (domain = 'shehhshdhsn.kz')  ORDER BY "domains"."id" ASC LIMIT 1[0m  [["user_id", 9]]
  [1m[35mGroup Load (0.3ms)[0m  SELECT  "groups".* FROM "groups"  WHERE (email = 'sales@shehhshdhsn.kz' AND domain_id = 9)  ORDER BY "groups"."id" ASC LIMIT 1
  [1m[36mEmailAccount Load (0.3ms)[0m  [1mSELECT "email_accounts".* FROM "email_accounts" INNER JOIN "email_accounts_groups" ON "email_accounts"."id" = "email_accounts_groups"."email_account_id" WHERE "email_accounts_groups"."group_id" = ?[0m  [["group_id", 5]]
Completed 201 Created in 16ms (Views: 2.5ms | ActiveRecord: 1.6ms)


Started GET "/api/v1/group/remove?input_format=json&input_data=%7B%22group_emails%22:%5B%22diaz@shehhshdhsn.kz%22%5D,%22token%22:%2296bdb4f6e5424aab3a201c923c30b224%22,%22mail%22:%22sales@shehhshdhsn.kz%22%7D" for 92.46.10.202 at 2015-03-02 06:02:44 -0500
Processing by Api::V1::GroupsController#remove as */*
  Parameters: {"input_format"=>"json", "input_data"=>"{\"group_emails\":[\"diaz@shehhshdhsn.kz\"],\"token\":\"96bdb4f6e5424aab3a201c923c30b224\",\"mail\":\"sales@shehhshdhsn.kz\"}"}
  [1m[35mApiKey Load (0.8ms)[0m  SELECT  "api_keys".* FROM "api_keys"  WHERE "api_keys"."access_token" = '96bdb4f6e5424aab3a201c923c30b224'  ORDER BY "api_keys"."id" ASC LIMIT 1
  [1m[36mUser Load (0.1ms)[0m  [1mSELECT  "users".* FROM "users"  WHERE "users"."id" = ? LIMIT 1[0m  [["id", 9]]
  [1m[35mCACHE (0.0ms)[0m  SELECT  "api_keys".* FROM "api_keys"  WHERE "api_keys"."access_token" = '96bdb4f6e5424aab3a201c923c30b224'  ORDER BY "api_keys"."id" ASC LIMIT 1
  [1m[36mDomain Load (0.2ms)[0m  [1mSELECT  "domains".* FROM "domains"  WHERE (domain = 'shehhshdhsn.kz')  ORDER BY "domains"."id" ASC LIMIT 1[0m
  [1m[35mGroup Load (0.2ms)[0m  SELECT  "groups".* FROM "groups"  WHERE (email = 'sales@shehhshdhsn.kz' AND domain_id = 9)  ORDER BY "groups"."id" ASC LIMIT 1
  [1m[36mEmailAccount Load (0.2ms)[0m  [1mSELECT  "email_accounts".* FROM "email_accounts"  WHERE (email = 'diaz@shehhshdhsn.kz')  ORDER BY "email_accounts"."id" ASC LIMIT 1[0m
  [1m[35mEmailAccount Load (0.1ms)[0m  SELECT  "email_accounts".* FROM "email_accounts" INNER JOIN "email_accounts_groups" ON "email_accounts"."id" = "email_accounts_groups"."email_account_id" WHERE "email_accounts_groups"."group_id" = ? AND "email_accounts"."id" = ? LIMIT 1  [["group_id", 5], ["id", 12]]
  [1m[36m (0.1ms)[0m  [1mbegin transaction[0m
  [1m[35mSQL (0.4ms)[0m  DELETE FROM "email_accounts_groups" WHERE "email_accounts_groups"."group_id" = ? AND "email_accounts_groups"."email_account_id" = 12  [["group_id", 5]]
  [1m[36m (2.6ms)[0m  [1mcommit transaction[0m
Completed 201 Created in 15ms (Views: 0.5ms | ActiveRecord: 4.9ms)


Started GET "/api/v1/domain/list?input_format=json&input_data=%7B%0A%20%20%22token%22%20:%20%2296bdb4f6e5424aab3a201c923c30b224%22%0A%7D" for 92.46.10.202 at 2015-03-02 06:03:01 -0500
Processing by Api::V1::DomainsController#list as */*
  Parameters: {"input_format"=>"json", "input_data"=>"{\n  \"token\" : \"96bdb4f6e5424aab3a201c923c30b224\"\n}"}
  [1m[35mApiKey Load (0.5ms)[0m  SELECT  "api_keys".* FROM "api_keys"  WHERE "api_keys"."access_token" = '96bdb4f6e5424aab3a201c923c30b224'  ORDER BY "api_keys"."id" ASC LIMIT 1
  [1m[36mUser Load (0.3ms)[0m  [1mSELECT  "users".* FROM "users"  WHERE "users"."id" = ? LIMIT 1[0m  [["id", 9]]
  [1m[35mCACHE (0.1ms)[0m  SELECT  "api_keys".* FROM "api_keys"  WHERE "api_keys"."access_token" = '96bdb4f6e5424aab3a201c923c30b224'  ORDER BY "api_keys"."id" ASC LIMIT 1
  [1m[36mCACHE (0.1ms)[0m  [1mSELECT  "api_keys".* FROM "api_keys"  WHERE "api_keys"."access_token" = '96bdb4f6e5424aab3a201c923c30b224'  ORDER BY "api_keys"."id" ASC LIMIT 1[0m
  [1m[35mCACHE (0.2ms)[0m  SELECT  "users".* FROM "users"  WHERE "users"."id" = ? LIMIT 1  [["id", 9]]
  [1m[36mDomain Load (0.4ms)[0m  [1mSELECT "domains".* FROM "domains"  WHERE "domains"."user_id" = ?[0m  [["user_id", 9]]
  [1m[35mBilling::Subscription Load (0.7ms)[0m  SELECT  "billing_subscriptions".* FROM "billing_subscriptions"  WHERE (type_of = 'domain' and domain = 'shehhshdhsn.kz')  ORDER BY "billing_subscriptions"."id" ASC LIMIT 1
  [1m[36mBilling::Subscription Load (0.5ms)[0m  [1mSELECT  "billing_subscriptions".* FROM "billing_subscriptions"  WHERE (type_of = 'domain' and domain = 'dhdjjdndjdn.kz')  ORDER BY "billing_subscriptions"."id" ASC LIMIT 1[0m
Completed 201 Created in 23ms (Views: 3.3ms | ActiveRecord: 2.8ms)


Started GET "/api/v1/domain/list?input_format=json&input_data=%7B%0A%20%20%22token%22%20:%20%2296bdb4f6e5424aab3a201c923c30b224%22%0A%7D" for 92.46.10.202 at 2015-03-02 06:03:01 -0500
Processing by Api::V1::DomainsController#list as */*
  Parameters: {"input_format"=>"json", "input_data"=>"{\n  \"token\" : \"96bdb4f6e5424aab3a201c923c30b224\"\n}"}
  [1m[35mApiKey Load (0.6ms)[0m  SELECT  "api_keys".* FROM "api_keys"  WHERE "api_keys"."access_token" = '96bdb4f6e5424aab3a201c923c30b224'  ORDER BY "api_keys"."id" ASC LIMIT 1
  [1m[36mUser Load (0.2ms)[0m  [1mSELECT  "users".* FROM "users"  WHERE "users"."id" = ? LIMIT 1[0m  [["id", 9]]
  [1m[35mCACHE (0.0ms)[0m  SELECT  "api_keys".* FROM "api_keys"  WHERE "api_keys"."access_token" = '96bdb4f6e5424aab3a201c923c30b224'  ORDER BY "api_keys"."id" ASC LIMIT 1
  [1m[36mCACHE (0.0ms)[0m  [1mSELECT  "api_keys".* FROM "api_keys"  WHERE "api_keys"."access_token" = '96bdb4f6e5424aab3a201c923c30b224'  ORDER BY "api_keys"."id" ASC LIMIT 1[0m
  [1m[35mCACHE (0.0ms)[0m  SELECT  "users".* FROM "users"  WHERE "users"."id" = ? LIMIT 1  [["id", 9]]
  [1m[36mDomain Load (0.3ms)[0m  [1mSELECT "domains".* FROM "domains"  WHERE "domains"."user_id" = ?[0m  [["user_id", 9]]
  [1m[35mBilling::Subscription Load (0.4ms)[0m  SELECT  "billing_subscriptions".* FROM "billing_subscriptions"  WHERE (type_of = 'domain' and domain = 'shehhshdhsn.kz')  ORDER BY "billing_subscriptions"."id" ASC LIMIT 1
  [1m[36mBilling::Subscription Load (0.4ms)[0m  [1mSELECT  "billing_subscriptions".* FROM "billing_subscriptions"  WHERE (type_of = 'domain' and domain = 'dhdjjdndjdn.kz')  ORDER BY "billing_subscriptions"."id" ASC LIMIT 1[0m
Completed 201 Created in 15ms (Views: 2.1ms | ActiveRecord: 1.9ms)


Started GET "/api/v1/user/list?input_format=json&input_data=%7B%0A%20%20%22token%22%20:%20%2296bdb4f6e5424aab3a201c923c30b224%22%0A%7D" for 92.46.10.202 at 2015-03-02 06:03:02 -0500
Processing by Api::V1::UsersController#list as */*
  Parameters: {"input_format"=>"json", "input_data"=>"{\n  \"token\" : \"96bdb4f6e5424aab3a201c923c30b224\"\n}"}
  [1m[35mApiKey Load (0.5ms)[0m  SELECT  "api_keys".* FROM "api_keys"  WHERE "api_keys"."access_token" = '96bdb4f6e5424aab3a201c923c30b224'  ORDER BY "api_keys"."id" ASC LIMIT 1
  [1m[36mUser Load (0.2ms)[0m  [1mSELECT  "users".* FROM "users"  WHERE "users"."id" = ? LIMIT 1[0m  [["id", 9]]
  [1m[35mCACHE (0.0ms)[0m  SELECT  "api_keys".* FROM "api_keys"  WHERE "api_keys"."access_token" = '96bdb4f6e5424aab3a201c923c30b224'  ORDER BY "api_keys"."id" ASC LIMIT 1
  [1m[36mCACHE (0.0ms)[0m  [1mSELECT  "api_keys".* FROM "api_keys"  WHERE "api_keys"."access_token" = '96bdb4f6e5424aab3a201c923c30b224'  ORDER BY "api_keys"."id" ASC LIMIT 1[0m
  [1m[35mCACHE (0.0ms)[0m  SELECT  "users".* FROM "users"  WHERE "users"."id" = ? LIMIT 1  [["id", 9]]
  [1m[36m (0.2ms)[0m  [1mSELECT "domains".id FROM "domains"  WHERE "domains"."user_id" = ?[0m  [["user_id", 9]]
  [1m[35mEmailAccount Load (0.3ms)[0m  SELECT "email_accounts".* FROM "email_accounts"  WHERE (domain_id IN (9,10))
  [1m[36mCACHE (0.0ms)[0m  [1mSELECT  "users".* FROM "users"  WHERE "users"."id" = ? LIMIT 1[0m  [["id", 9]]
  [1m[35mCACHE (0.0ms)[0m  SELECT  "users".* FROM "users"  WHERE "users"."id" = ? LIMIT 1  [["id", 9]]
  [1m[36mCACHE (0.0ms)[0m  [1mSELECT  "users".* FROM "users"  WHERE "users"."id" = ? LIMIT 1[0m  [["id", 9]]
Completed 201 Created in 14ms (Views: 2.1ms | ActiveRecord: 1.3ms)


Started GET "/api/v1/user/balance?input_format=json&input_data=%7B%0A%20%20%22token%22%20:%20%2296bdb4f6e5424aab3a201c923c30b224%22%0A%7D" for 92.46.10.202 at 2015-03-02 06:03:02 -0500
Processing by Api::V1::UsersController#balance as */*
  Parameters: {"input_format"=>"json", "input_data"=>"{\n  \"token\" : \"96bdb4f6e5424aab3a201c923c30b224\"\n}"}
  [1m[35mApiKey Load (0.4ms)[0m  SELECT  "api_keys".* FROM "api_keys"  WHERE "api_keys"."access_token" = '96bdb4f6e5424aab3a201c923c30b224'  ORDER BY "api_keys"."id" ASC LIMIT 1
  [1m[36mUser Load (0.1ms)[0m  [1mSELECT  "users".* FROM "users"  WHERE "users"."id" = ? LIMIT 1[0m  [["id", 9]]
  [1m[35mCACHE (0.0ms)[0m  SELECT  "api_keys".* FROM "api_keys"  WHERE "api_keys"."access_token" = '96bdb4f6e5424aab3a201c923c30b224'  ORDER BY "api_keys"."id" ASC LIMIT 1
  [1m[36mCACHE (0.0ms)[0m  [1mSELECT  "api_keys".* FROM "api_keys"  WHERE "api_keys"."access_token" = '96bdb4f6e5424aab3a201c923c30b224'  ORDER BY "api_keys"."id" ASC LIMIT 1[0m
  [1m[35mCACHE (0.0ms)[0m  SELECT  "users".* FROM "users"  WHERE "users"."id" = ? LIMIT 1  [["id", 9]]
Completed 201 Created in 8ms (Views: 0.4ms | ActiveRecord: 0.7ms)


Started GET "/api/v1/user/list?input_format=json&input_data=%7B%0A%20%20%22token%22%20:%20%2296bdb4f6e5424aab3a201c923c30b224%22%0A%7D" for 92.46.10.202 at 2015-03-02 06:03:02 -0500
Processing by Api::V1::UsersController#list as */*
  Parameters: {"input_format"=>"json", "input_data"=>"{\n  \"token\" : \"96bdb4f6e5424aab3a201c923c30b224\"\n}"}
  [1m[36mApiKey Load (0.5ms)[0m  [1mSELECT  "api_keys".* FROM "api_keys"  WHERE "api_keys"."access_token" = '96bdb4f6e5424aab3a201c923c30b224'  ORDER BY "api_keys"."id" ASC LIMIT 1[0m
  [1m[35mUser Load (0.3ms)[0m  SELECT  "users".* FROM "users"  WHERE "users"."id" = ? LIMIT 1  [["id", 9]]
  [1m[36mCACHE (0.1ms)[0m  [1mSELECT  "api_keys".* FROM "api_keys"  WHERE "api_keys"."access_token" = '96bdb4f6e5424aab3a201c923c30b224'  ORDER BY "api_keys"."id" ASC LIMIT 1[0m
  [1m[35mCACHE (0.0ms)[0m  SELECT  "api_keys".* FROM "api_keys"  WHERE "api_keys"."access_token" = '96bdb4f6e5424aab3a201c923c30b224'  ORDER BY "api_keys"."id" ASC LIMIT 1
  [1m[36mCACHE (0.1ms)[0m  [1mSELECT  "users".* FROM "users"  WHERE "users"."id" = ? LIMIT 1[0m  [["id", 9]]
  [1m[35m (0.2ms)[0m  SELECT "domains".id FROM "domains"  WHERE "domains"."user_id" = ?  [["user_id", 9]]
  [1m[36mEmailAccount Load (0.5ms)[0m  [1mSELECT "email_accounts".* FROM "email_accounts"  WHERE (domain_id IN (9,10))[0m
  [1m[35mCACHE (0.0ms)[0m  SELECT  "users".* FROM "users"  WHERE "users"."id" = ? LIMIT 1  [["id", 9]]
  [1m[36mCACHE (0.0ms)[0m  [1mSELECT  "users".* FROM "users"  WHERE "users"."id" = ? LIMIT 1[0m  [["id", 9]]
  [1m[35mCACHE (0.0ms)[0m  SELECT  "users".* FROM "users"  WHERE "users"."id" = ? LIMIT 1  [["id", 9]]
Completed 201 Created in 17ms (Views: 2.4ms | ActiveRecord: 1.8ms)


Started GET "/api/v1/group/list?input_format=json&input_data=%7B%0A%20%20%22token%22%20:%20%2296bdb4f6e5424aab3a201c923c30b224%22%0A%7D" for 92.46.10.202 at 2015-03-02 06:03:02 -0500
Processing by Api::V1::GroupsController#list as */*
  Parameters: {"input_format"=>"json", "input_data"=>"{\n  \"token\" : \"96bdb4f6e5424aab3a201c923c30b224\"\n}"}
  [1m[36mApiKey Load (0.3ms)[0m  [1mSELECT  "api_keys".* FROM "api_keys"  WHERE "api_keys"."access_token" = '96bdb4f6e5424aab3a201c923c30b224'  ORDER BY "api_keys"."id" ASC LIMIT 1[0m
  [1m[35mUser Load (0.2ms)[0m  SELECT  "users".* FROM "users"  WHERE "users"."id" = ? LIMIT 1  [["id", 9]]
  [1m[36mCACHE (0.0ms)[0m  [1mSELECT  "api_keys".* FROM "api_keys"  WHERE "api_keys"."access_token" = '96bdb4f6e5424aab3a201c923c30b224'  ORDER BY "api_keys"."id" ASC LIMIT 1[0m
  [1m[35mCACHE (0.0ms)[0m  SELECT  "api_keys".* FROM "api_keys"  WHERE "api_keys"."access_token" = '96bdb4f6e5424aab3a201c923c30b224'  ORDER BY "api_keys"."id" ASC LIMIT 1
  [1m[36mCACHE (0.0ms)[0m  [1mSELECT  "users".* FROM "users"  WHERE "users"."id" = ? LIMIT 1[0m  [["id", 9]]
  [1m[35m (0.2ms)[0m  SELECT "domains".id FROM "domains"  WHERE "domains"."user_id" = ?  [["user_id", 9]]
  [1m[36mGroup Load (0.4ms)[0m  [1mSELECT "groups".* FROM "groups"  WHERE (domain_id IN (9,10))[0m
  [1m[35mDomain Load (0.3ms)[0m  SELECT  "domains".* FROM "domains"  WHERE (id = 9)  ORDER BY "domains"."id" ASC LIMIT 1
Completed 201 Created in 12ms (Views: 0.4ms | ActiveRecord: 1.5ms)


Started GET "/api/v1/user/balance?input_format=json&input_data=%7B%0A%20%20%22token%22%20:%20%2296bdb4f6e5424aab3a201c923c30b224%22%0A%7D" for 92.46.10.202 at 2015-03-02 06:03:02 -0500
Processing by Api::V1::UsersController#balance as */*
  Parameters: {"input_format"=>"json", "input_data"=>"{\n  \"token\" : \"96bdb4f6e5424aab3a201c923c30b224\"\n}"}
  [1m[36mApiKey Load (0.3ms)[0m  [1mSELECT  "api_keys".* FROM "api_keys"  WHERE "api_keys"."access_token" = '96bdb4f6e5424aab3a201c923c30b224'  ORDER BY "api_keys"."id" ASC LIMIT 1[0m
  [1m[35mUser Load (0.2ms)[0m  SELECT  "users".* FROM "users"  WHERE "users"."id" = ? LIMIT 1  [["id", 9]]
  [1m[36mCACHE (0.0ms)[0m  [1mSELECT  "api_keys".* FROM "api_keys"  WHERE "api_keys"."access_token" = '96bdb4f6e5424aab3a201c923c30b224'  ORDER BY "api_keys"."id" ASC LIMIT 1[0m
  [1m[35mCACHE (0.0ms)[0m  SELECT  "api_keys".* FROM "api_keys"  WHERE "api_keys"."access_token" = '96bdb4f6e5424aab3a201c923c30b224'  ORDER BY "api_keys"."id" ASC LIMIT 1
  [1m[36mCACHE (0.0ms)[0m  [1mSELECT  "users".* FROM "users"  WHERE "users"."id" = ? LIMIT 1[0m  [["id", 9]]
Completed 201 Created in 8ms (Views: 0.3ms | ActiveRecord: 0.6ms)


Started GET "/api/v1/user/balance?input_format=json&input_data=%7B%0A%20%20%22token%22%20:%20%2296bdb4f6e5424aab3a201c923c30b224%22%0A%7D" for 92.46.10.202 at 2015-03-02 06:03:02 -0500
Processing by Api::V1::UsersController#balance as */*
  Parameters: {"input_format"=>"json", "input_data"=>"{\n  \"token\" : \"96bdb4f6e5424aab3a201c923c30b224\"\n}"}
  [1m[35mApiKey Load (0.3ms)[0m  SELECT  "api_keys".* FROM "api_keys"  WHERE "api_keys"."access_token" = '96bdb4f6e5424aab3a201c923c30b224'  ORDER BY "api_keys"."id" ASC LIMIT 1
  [1m[36mUser Load (0.2ms)[0m  [1mSELECT  "users".* FROM "users"  WHERE "users"."id" = ? LIMIT 1[0m  [["id", 9]]
  [1m[35mCACHE (0.0ms)[0m  SELECT  "api_keys".* FROM "api_keys"  WHERE "api_keys"."access_token" = '96bdb4f6e5424aab3a201c923c30b224'  ORDER BY "api_keys"."id" ASC LIMIT 1
  [1m[36mCACHE (0.0ms)[0m  [1mSELECT  "api_keys".* FROM "api_keys"  WHERE "api_keys"."access_token" = '96bdb4f6e5424aab3a201c923c30b224'  ORDER BY "api_keys"."id" ASC LIMIT 1[0m
  [1m[35mCACHE (0.0ms)[0m  SELECT  "users".* FROM "users"  WHERE "users"."id" = ? LIMIT 1  [["id", 9]]
Completed 201 Created in 7ms (Views: 0.4ms | ActiveRecord: 0.6ms)


Started GET "/api/v1/group/list?input_format=json&input_data=%7B%0A%20%20%22token%22%20:%20%2296bdb4f6e5424aab3a201c923c30b224%22%0A%7D" for 92.46.10.202 at 2015-03-02 06:03:02 -0500
Processing by Api::V1::GroupsController#list as */*
  Parameters: {"input_format"=>"json", "input_data"=>"{\n  \"token\" : \"96bdb4f6e5424aab3a201c923c30b224\"\n}"}
  [1m[36mApiKey Load (0.5ms)[0m  [1mSELECT  "api_keys".* FROM "api_keys"  WHERE "api_keys"."access_token" = '96bdb4f6e5424aab3a201c923c30b224'  ORDER BY "api_keys"."id" ASC LIMIT 1[0m
  [1m[35mUser Load (0.2ms)[0m  SELECT  "users".* FROM "users"  WHERE "users"."id" = ? LIMIT 1  [["id", 9]]
  [1m[36mCACHE (0.0ms)[0m  [1mSELECT  "api_keys".* FROM "api_keys"  WHERE "api_keys"."access_token" = '96bdb4f6e5424aab3a201c923c30b224'  ORDER BY "api_keys"."id" ASC LIMIT 1[0m
  [1m[35mCACHE (0.1ms)[0m  SELECT  "api_keys".* FROM "api_keys"  WHERE "api_keys"."access_token" = '96bdb4f6e5424aab3a201c923c30b224'  ORDER BY "api_keys"."id" ASC LIMIT 1
  [1m[36mCACHE (0.0ms)[0m  [1mSELECT  "users".* FROM "users"  WHERE "users"."id" = ? LIMIT 1[0m  [["id", 9]]
  [1m[35m (0.3ms)[0m  SELECT "domains".id FROM "domains"  WHERE "domains"."user_id" = ?  [["user_id", 9]]
  [1m[36mGroup Load (0.4ms)[0m  [1mSELECT "groups".* FROM "groups"  WHERE (domain_id IN (9,10))[0m
  [1m[35mDomain Load (0.3ms)[0m  SELECT  "domains".* FROM "domains"  WHERE (id = 9)  ORDER BY "domains"."id" ASC LIMIT 1
Completed 201 Created in 13ms (Views: 0.5ms | ActiveRecord: 1.8ms)


Started GET "/api/v1/user/balance?input_format=json&input_data=%7B%0A%20%20%22token%22%20:%20%2296bdb4f6e5424aab3a201c923c30b224%22%0A%7D" for 92.46.10.202 at 2015-03-02 06:03:02 -0500
Processing by Api::V1::UsersController#balance as */*
  Parameters: {"input_format"=>"json", "input_data"=>"{\n  \"token\" : \"96bdb4f6e5424aab3a201c923c30b224\"\n}"}
  [1m[36mApiKey Load (0.5ms)[0m  [1mSELECT  "api_keys".* FROM "api_keys"  WHERE "api_keys"."access_token" = '96bdb4f6e5424aab3a201c923c30b224'  ORDER BY "api_keys"."id" ASC LIMIT 1[0m
  [1m[35mUser Load (0.3ms)[0m  SELECT  "users".* FROM "users"  WHERE "users"."id" = ? LIMIT 1  [["id", 9]]
  [1m[36mCACHE (0.1ms)[0m  [1mSELECT  "api_keys".* FROM "api_keys"  WHERE "api_keys"."access_token" = '96bdb4f6e5424aab3a201c923c30b224'  ORDER BY "api_keys"."id" ASC LIMIT 1[0m
  [1m[35mCACHE (0.0ms)[0m  SELECT  "api_keys".* FROM "api_keys"  WHERE "api_keys"."access_token" = '96bdb4f6e5424aab3a201c923c30b224'  ORDER BY "api_keys"."id" ASC LIMIT 1
  [1m[36mCACHE (0.1ms)[0m  [1mSELECT  "users".* FROM "users"  WHERE "users"."id" = ? LIMIT 1[0m  [["id", 9]]
Completed 201 Created in 9ms (Views: 0.4ms | ActiveRecord: 0.9ms)


Started GET "/api/v1/group/info?input_format=json&input_data=%7B%22token%22:%2296bdb4f6e5424aab3a201c923c30b224%22,%22mail%22:%22sales@shehhshdhsn.kz%22%7D" for 92.46.10.202 at 2015-03-02 06:03:03 -0500
Processing by Api::V1::GroupsController#info as */*
  Parameters: {"input_format"=>"json", "input_data"=>"{\"token\":\"96bdb4f6e5424aab3a201c923c30b224\",\"mail\":\"sales@shehhshdhsn.kz\"}"}
  [1m[35mApiKey Load (0.5ms)[0m  SELECT  "api_keys".* FROM "api_keys"  WHERE "api_keys"."access_token" = '96bdb4f6e5424aab3a201c923c30b224'  ORDER BY "api_keys"."id" ASC LIMIT 1
  [1m[36mUser Load (0.2ms)[0m  [1mSELECT  "users".* FROM "users"  WHERE "users"."id" = ? LIMIT 1[0m  [["id", 9]]
  [1m[35mCACHE (0.0ms)[0m  SELECT  "api_keys".* FROM "api_keys"  WHERE "api_keys"."access_token" = '96bdb4f6e5424aab3a201c923c30b224'  ORDER BY "api_keys"."id" ASC LIMIT 1
  [1m[36mCACHE (0.0ms)[0m  [1mSELECT  "api_keys".* FROM "api_keys"  WHERE "api_keys"."access_token" = '96bdb4f6e5424aab3a201c923c30b224'  ORDER BY "api_keys"."id" ASC LIMIT 1[0m
  [1m[35mCACHE (0.0ms)[0m  SELECT  "users".* FROM "users"  WHERE "users"."id" = ? LIMIT 1  [["id", 9]]
  [1m[36mDomain Load (0.3ms)[0m  [1mSELECT  "domains".* FROM "domains"  WHERE "domains"."user_id" = ? AND (domain = 'shehhshdhsn.kz')  ORDER BY "domains"."id" ASC LIMIT 1[0m  [["user_id", 9]]
  [1m[35mGroup Load (0.3ms)[0m  SELECT  "groups".* FROM "groups"  WHERE (email = 'sales@shehhshdhsn.kz' AND domain_id = 9)  ORDER BY "groups"."id" ASC LIMIT 1
  [1m[36mEmailAccount Load (0.2ms)[0m  [1mSELECT "email_accounts".* FROM "email_accounts" INNER JOIN "email_accounts_groups" ON "email_accounts"."id" = "email_accounts_groups"."email_account_id" WHERE "email_accounts_groups"."group_id" = ?[0m  [["group_id", 5]]
Completed 201 Created in 17ms (Views: 2.1ms | ActiveRecord: 1.7ms)


Started GET "/api/v1/domain/list?input_format=json&input_data=%7B%0A%20%20%22token%22%20:%20%2296bdb4f6e5424aab3a201c923c30b224%22%0A%7D" for 92.46.10.202 at 2015-03-02 06:03:06 -0500
Processing by Api::V1::DomainsController#list as */*
  Parameters: {"input_format"=>"json", "input_data"=>"{\n  \"token\" : \"96bdb4f6e5424aab3a201c923c30b224\"\n}"}
  [1m[35mApiKey Load (0.7ms)[0m  SELECT  "api_keys".* FROM "api_keys"  WHERE "api_keys"."access_token" = '96bdb4f6e5424aab3a201c923c30b224'  ORDER BY "api_keys"."id" ASC LIMIT 1
  [1m[36mUser Load (0.2ms)[0m  [1mSELECT  "users".* FROM "users"  WHERE "users"."id" = ? LIMIT 1[0m  [["id", 9]]
  [1m[35mCACHE (0.1ms)[0m  SELECT  "api_keys".* FROM "api_keys"  WHERE "api_keys"."access_token" = '96bdb4f6e5424aab3a201c923c30b224'  ORDER BY "api_keys"."id" ASC LIMIT 1
  [1m[36mCACHE (0.1ms)[0m  [1mSELECT  "api_keys".* FROM "api_keys"  WHERE "api_keys"."access_token" = '96bdb4f6e5424aab3a201c923c30b224'  ORDER BY "api_keys"."id" ASC LIMIT 1[0m
  [1m[35mCACHE (0.0ms)[0m  SELECT  "users".* FROM "users"  WHERE "users"."id" = ? LIMIT 1  [["id", 9]]
  [1m[36mDomain Load (0.3ms)[0m  [1mSELECT "domains".* FROM "domains"  WHERE "domains"."user_id" = ?[0m  [["user_id", 9]]
  [1m[35mBilling::Subscription Load (0.4ms)[0m  SELECT  "billing_subscriptions".* FROM "billing_subscriptions"  WHERE (type_of = 'domain' and domain = 'shehhshdhsn.kz')  ORDER BY "billing_subscriptions"."id" ASC LIMIT 1
  [1m[36mBilling::Subscription Load (0.5ms)[0m  [1mSELECT  "billing_subscriptions".* FROM "billing_subscriptions"  WHERE (type_of = 'domain' and domain = 'dhdjjdndjdn.kz')  ORDER BY "billing_subscriptions"."id" ASC LIMIT 1[0m
Completed 201 Created in 16ms (Views: 1.1ms | ActiveRecord: 2.2ms)


Started GET "/api/v1/domain/list?input_format=json&input_data=%7B%0A%20%20%22token%22%20:%20%2296bdb4f6e5424aab3a201c923c30b224%22%0A%7D" for 92.46.10.202 at 2015-03-02 06:03:06 -0500
Processing by Api::V1::DomainsController#list as */*
  Parameters: {"input_format"=>"json", "input_data"=>"{\n  \"token\" : \"96bdb4f6e5424aab3a201c923c30b224\"\n}"}
  [1m[35mApiKey Load (0.4ms)[0m  SELECT  "api_keys".* FROM "api_keys"  WHERE "api_keys"."access_token" = '96bdb4f6e5424aab3a201c923c30b224'  ORDER BY "api_keys"."id" ASC LIMIT 1
  [1m[36mUser Load (0.2ms)[0m  [1mSELECT  "users".* FROM "users"  WHERE "users"."id" = ? LIMIT 1[0m  [["id", 9]]
  [1m[35mCACHE (0.0ms)[0m  SELECT  "api_keys".* FROM "api_keys"  WHERE "api_keys"."access_token" = '96bdb4f6e5424aab3a201c923c30b224'  ORDER BY "api_keys"."id" ASC LIMIT 1
  [1m[36mCACHE (0.0ms)[0m  [1mSELECT  "api_keys".* FROM "api_keys"  WHERE "api_keys"."access_token" = '96bdb4f6e5424aab3a201c923c30b224'  ORDER BY "api_keys"."id" ASC LIMIT 1[0m
  [1m[35mCACHE (0.0ms)[0m  SELECT  "users".* FROM "users"  WHERE "users"."id" = ? LIMIT 1  [["id", 9]]
  [1m[36mDomain Load (0.2ms)[0m  [1mSELECT "domains".* FROM "domains"  WHERE "domains"."user_id" = ?[0m  [["user_id", 9]]
  [1m[35mBilling::Subscription Load (0.4ms)[0m  SELECT  "billing_subscriptions".* FROM "billing_subscriptions"  WHERE (type_of = 'domain' and domain = 'shehhshdhsn.kz')  ORDER BY "billing_subscriptions"."id" ASC LIMIT 1
  [1m[36mBilling::Subscription Load (0.4ms)[0m  [1mSELECT  "billing_subscriptions".* FROM "billing_subscriptions"  WHERE (type_of = 'domain' and domain = 'dhdjjdndjdn.kz')  ORDER BY "billing_subscriptions"."id" ASC LIMIT 1[0m
Completed 201 Created in 13ms (Views: 1.1ms | ActiveRecord: 1.7ms)


Started GET "/api/v1/user/list?input_format=json&input_data=%7B%0A%20%20%22token%22%20:%20%2296bdb4f6e5424aab3a201c923c30b224%22%0A%7D" for 92.46.10.202 at 2015-03-02 06:03:06 -0500
Processing by Api::V1::UsersController#list as */*
  Parameters: {"input_format"=>"json", "input_data"=>"{\n  \"token\" : \"96bdb4f6e5424aab3a201c923c30b224\"\n}"}
  [1m[35mApiKey Load (0.6ms)[0m  SELECT  "api_keys".* FROM "api_keys"  WHERE "api_keys"."access_token" = '96bdb4f6e5424aab3a201c923c30b224'  ORDER BY "api_keys"."id" ASC LIMIT 1
  [1m[36mUser Load (0.2ms)[0m  [1mSELECT  "users".* FROM "users"  WHERE "users"."id" = ? LIMIT 1[0m  [["id", 9]]
  [1m[35mCACHE (0.0ms)[0m  SELECT  "api_keys".* FROM "api_keys"  WHERE "api_keys"."access_token" = '96bdb4f6e5424aab3a201c923c30b224'  ORDER BY "api_keys"."id" ASC LIMIT 1
  [1m[36mCACHE (0.0ms)[0m  [1mSELECT  "api_keys".* FROM "api_keys"  WHERE "api_keys"."access_token" = '96bdb4f6e5424aab3a201c923c30b224'  ORDER BY "api_keys"."id" ASC LIMIT 1[0m
  [1m[35mCACHE (0.0ms)[0m  SELECT  "users".* FROM "users"  WHERE "users"."id" = ? LIMIT 1  [["id", 9]]
  [1m[36m (2.5ms)[0m  [1mSELECT "domains".id FROM "domains"  WHERE "domains"."user_id" = ?[0m  [["user_id", 9]]
  [1m[35mEmailAccount Load (0.5ms)[0m  SELECT "email_accounts".* FROM "email_accounts"  WHERE (domain_id IN (9,10))
  [1m[36mCACHE (0.0ms)[0m  [1mSELECT  "users".* FROM "users"  WHERE "users"."id" = ? LIMIT 1[0m  [["id", 9]]
  [1m[35mCACHE (0.1ms)[0m  SELECT  "users".* FROM "users"  WHERE "users"."id" = ? LIMIT 1  [["id", 9]]
  [1m[36mCACHE (0.0ms)[0m  [1mSELECT  "users".* FROM "users"  WHERE "users"."id" = ? LIMIT 1[0m  [["id", 9]]
Completed 201 Created in 25ms (Views: 2.4ms | ActiveRecord: 4.0ms)


Started GET "/api/v1/user/balance?input_format=json&input_data=%7B%0A%20%20%22token%22%20:%20%2296bdb4f6e5424aab3a201c923c30b224%22%0A%7D" for 92.46.10.202 at 2015-03-02 06:03:07 -0500
Processing by Api::V1::UsersController#balance as */*
  Parameters: {"input_format"=>"json", "input_data"=>"{\n  \"token\" : \"96bdb4f6e5424aab3a201c923c30b224\"\n}"}
  [1m[35mApiKey Load (0.3ms)[0m  SELECT  "api_keys".* FROM "api_keys"  WHERE "api_keys"."access_token" = '96bdb4f6e5424aab3a201c923c30b224'  ORDER BY "api_keys"."id" ASC LIMIT 1
  [1m[36mUser Load (0.1ms)[0m  [1mSELECT  "users".* FROM "users"  WHERE "users"."id" = ? LIMIT 1[0m  [["id", 9]]
  [1m[35mCACHE (0.0ms)[0m  SELECT  "api_keys".* FROM "api_keys"  WHERE "api_keys"."access_token" = '96bdb4f6e5424aab3a201c923c30b224'  ORDER BY "api_keys"."id" ASC LIMIT 1
  [1m[36mCACHE (0.0ms)[0m  [1mSELECT  "api_keys".* FROM "api_keys"  WHERE "api_keys"."access_token" = '96bdb4f6e5424aab3a201c923c30b224'  ORDER BY "api_keys"."id" ASC LIMIT 1[0m
  [1m[35mCACHE (0.0ms)[0m  SELECT  "users".* FROM "users"  WHERE "users"."id" = ? LIMIT 1  [["id", 9]]
Completed 201 Created in 5ms (Views: 0.3ms | ActiveRecord: 0.5ms)


Started GET "/api/v1/group/list?input_format=json&input_data=%7B%0A%20%20%22token%22%20:%20%2296bdb4f6e5424aab3a201c923c30b224%22%0A%7D" for 92.46.10.202 at 2015-03-02 06:03:07 -0500
Processing by Api::V1::GroupsController#list as */*
  Parameters: {"input_format"=>"json", "input_data"=>"{\n  \"token\" : \"96bdb4f6e5424aab3a201c923c30b224\"\n}"}
  [1m[36mApiKey Load (0.3ms)[0m  [1mSELECT  "api_keys".* FROM "api_keys"  WHERE "api_keys"."access_token" = '96bdb4f6e5424aab3a201c923c30b224'  ORDER BY "api_keys"."id" ASC LIMIT 1[0m
  [1m[35mUser Load (0.2ms)[0m  SELECT  "users".* FROM "users"  WHERE "users"."id" = ? LIMIT 1  [["id", 9]]
  [1m[36mCACHE (0.0ms)[0m  [1mSELECT  "api_keys".* FROM "api_keys"  WHERE "api_keys"."access_token" = '96bdb4f6e5424aab3a201c923c30b224'  ORDER BY "api_keys"."id" ASC LIMIT 1[0m
  [1m[35mCACHE (0.0ms)[0m  SELECT  "api_keys".* FROM "api_keys"  WHERE "api_keys"."access_token" = '96bdb4f6e5424aab3a201c923c30b224'  ORDER BY "api_keys"."id" ASC LIMIT 1
  [1m[36mCACHE (0.0ms)[0m  [1mSELECT  "users".* FROM "users"  WHERE "users"."id" = ? LIMIT 1[0m  [["id", 9]]
  [1m[35m (0.2ms)[0m  SELECT "domains".id FROM "domains"  WHERE "domains"."user_id" = ?  [["user_id", 9]]
  [1m[36mGroup Load (0.4ms)[0m  [1mSELECT "groups".* FROM "groups"  WHERE (domain_id IN (9,10))[0m
  [1m[35mDomain Load (0.3ms)[0m  SELECT  "domains".* FROM "domains"  WHERE (id = 9)  ORDER BY "domains"."id" ASC LIMIT 1
Completed 201 Created in 12ms (Views: 0.4ms | ActiveRecord: 1.5ms)


Started GET "/api/v1/user/balance?input_format=json&input_data=%7B%0A%20%20%22token%22%20:%20%2296bdb4f6e5424aab3a201c923c30b224%22%0A%7D" for 92.46.10.202 at 2015-03-02 06:03:07 -0500
Processing by Api::V1::UsersController#balance as */*
  Parameters: {"input_format"=>"json", "input_data"=>"{\n  \"token\" : \"96bdb4f6e5424aab3a201c923c30b224\"\n}"}
  [1m[36mApiKey Load (0.5ms)[0m  [1mSELECT  "api_keys".* FROM "api_keys"  WHERE "api_keys"."access_token" = '96bdb4f6e5424aab3a201c923c30b224'  ORDER BY "api_keys"."id" ASC LIMIT 1[0m
  [1m[35mUser Load (0.2ms)[0m  SELECT  "users".* FROM "users"  WHERE "users"."id" = ? LIMIT 1  [["id", 9]]
  [1m[36mCACHE (0.1ms)[0m  [1mSELECT  "api_keys".* FROM "api_keys"  WHERE "api_keys"."access_token" = '96bdb4f6e5424aab3a201c923c30b224'  ORDER BY "api_keys"."id" ASC LIMIT 1[0m
  [1m[35mCACHE (0.0ms)[0m  SELECT  "api_keys".* FROM "api_keys"  WHERE "api_keys"."access_token" = '96bdb4f6e5424aab3a201c923c30b224'  ORDER BY "api_keys"."id" ASC LIMIT 1
  [1m[36mCACHE (0.0ms)[0m  [1mSELECT  "users".* FROM "users"  WHERE "users"."id" = ? LIMIT 1[0m  [["id", 9]]
Completed 201 Created in 9ms (Views: 0.4ms | ActiveRecord: 0.9ms)


Started GET "/api/v1/user/balance?input_format=json&input_data=%7B%0A%20%20%22token%22%20:%20%2296bdb4f6e5424aab3a201c923c30b224%22%0A%7D" for 92.46.10.202 at 2015-03-02 06:03:07 -0500
Processing by Api::V1::UsersController#balance as */*
  Parameters: {"input_format"=>"json", "input_data"=>"{\n  \"token\" : \"96bdb4f6e5424aab3a201c923c30b224\"\n}"}
  [1m[35mApiKey Load (0.7ms)[0m  SELECT  "api_keys".* FROM "api_keys"  WHERE "api_keys"."access_token" = '96bdb4f6e5424aab3a201c923c30b224'  ORDER BY "api_keys"."id" ASC LIMIT 1
  [1m[36mUser Load (0.3ms)[0m  [1mSELECT  "users".* FROM "users"  WHERE "users"."id" = ? LIMIT 1[0m  [["id", 9]]
  [1m[35mCACHE (0.1ms)[0m  SELECT  "api_keys".* FROM "api_keys"  WHERE "api_keys"."access_token" = '96bdb4f6e5424aab3a201c923c30b224'  ORDER BY "api_keys"."id" ASC LIMIT 1
  [1m[36mCACHE (0.1ms)[0m  [1mSELECT  "api_keys".* FROM "api_keys"  WHERE "api_keys"."access_token" = '96bdb4f6e5424aab3a201c923c30b224'  ORDER BY "api_keys"."id" ASC LIMIT 1[0m
  [1m[35mCACHE (0.1ms)[0m  SELECT  "users".* FROM "users"  WHERE "users"."id" = ? LIMIT 1  [["id", 9]]
Completed 201 Created in 14ms (Views: 0.7ms | ActiveRecord: 1.1ms)


Started GET "/api/v1/user/list?input_format=json&input_data=%7B%0A%20%20%22token%22%20:%20%2296bdb4f6e5424aab3a201c923c30b224%22%0A%7D" for 92.46.10.202 at 2015-03-02 06:03:07 -0500
Processing by Api::V1::UsersController#list as */*
  Parameters: {"input_format"=>"json", "input_data"=>"{\n  \"token\" : \"96bdb4f6e5424aab3a201c923c30b224\"\n}"}
  [1m[36mApiKey Load (0.5ms)[0m  [1mSELECT  "api_keys".* FROM "api_keys"  WHERE "api_keys"."access_token" = '96bdb4f6e5424aab3a201c923c30b224'  ORDER BY "api_keys"."id" ASC LIMIT 1[0m
  [1m[35mUser Load (0.2ms)[0m  SELECT  "users".* FROM "users"  WHERE "users"."id" = ? LIMIT 1  [["id", 9]]
  [1m[36mCACHE (0.0ms)[0m  [1mSELECT  "api_keys".* FROM "api_keys"  WHERE "api_keys"."access_token" = '96bdb4f6e5424aab3a201c923c30b224'  ORDER BY "api_keys"."id" ASC LIMIT 1[0m
  [1m[35mCACHE (0.0ms)[0m  SELECT  "api_keys".* FROM "api_keys"  WHERE "api_keys"."access_token" = '96bdb4f6e5424aab3a201c923c30b224'  ORDER BY "api_keys"."id" ASC LIMIT 1
  [1m[36mCACHE (0.0ms)[0m  [1mSELECT  "users".* FROM "users"  WHERE "users"."id" = ? LIMIT 1[0m  [["id", 9]]
  [1m[35m (0.2ms)[0m  SELECT "domains".id FROM "domains"  WHERE "domains"."user_id" = ?  [["user_id", 9]]
  [1m[36mEmailAccount Load (0.5ms)[0m  [1mSELECT "email_accounts".* FROM "email_accounts"  WHERE (domain_id IN (9,10))[0m
  [1m[35mCACHE (0.0ms)[0m  SELECT  "users".* FROM "users"  WHERE "users"."id" = ? LIMIT 1  [["id", 9]]
  [1m[36mCACHE (0.0ms)[0m  [1mSELECT  "users".* FROM "users"  WHERE "users"."id" = ? LIMIT 1[0m  [["id", 9]]
  [1m[35mCACHE (0.0ms)[0m  SELECT  "users".* FROM "users"  WHERE "users"."id" = ? LIMIT 1  [["id", 9]]
Completed 201 Created in 17ms (Views: 2.4ms | ActiveRecord: 1.5ms)


Started GET "/api/v1/group/list?input_format=json&input_data=%7B%0A%20%20%22token%22%20:%20%2296bdb4f6e5424aab3a201c923c30b224%22%0A%7D" for 92.46.10.202 at 2015-03-02 06:03:07 -0500
Processing by Api::V1::GroupsController#list as */*
  Parameters: {"input_format"=>"json", "input_data"=>"{\n  \"token\" : \"96bdb4f6e5424aab3a201c923c30b224\"\n}"}
  [1m[36mApiKey Load (0.5ms)[0m  [1mSELECT  "api_keys".* FROM "api_keys"  WHERE "api_keys"."access_token" = '96bdb4f6e5424aab3a201c923c30b224'  ORDER BY "api_keys"."id" ASC LIMIT 1[0m
  [1m[35mUser Load (0.2ms)[0m  SELECT  "users".* FROM "users"  WHERE "users"."id" = ? LIMIT 1  [["id", 9]]
  [1m[36mCACHE (0.0ms)[0m  [1mSELECT  "api_keys".* FROM "api_keys"  WHERE "api_keys"."access_token" = '96bdb4f6e5424aab3a201c923c30b224'  ORDER BY "api_keys"."id" ASC LIMIT 1[0m
  [1m[35mCACHE (0.0ms)[0m  SELECT  "api_keys".* FROM "api_keys"  WHERE "api_keys"."access_token" = '96bdb4f6e5424aab3a201c923c30b224'  ORDER BY "api_keys"."id" ASC LIMIT 1
  [1m[36mCACHE (0.0ms)[0m  [1mSELECT  "users".* FROM "users"  WHERE "users"."id" = ? LIMIT 1[0m  [["id", 9]]
  [1m[35m (0.3ms)[0m  SELECT "domains".id FROM "domains"  WHERE "domains"."user_id" = ?  [["user_id", 9]]
  [1m[36mGroup Load (0.4ms)[0m  [1mSELECT "groups".* FROM "groups"  WHERE (domain_id IN (9,10))[0m
  [1m[35mDomain Load (0.3ms)[0m  SELECT  "domains".* FROM "domains"  WHERE (id = 9)  ORDER BY "domains"."id" ASC LIMIT 1
Completed 201 Created in 15ms (Views: 0.6ms | ActiveRecord: 1.8ms)


Started GET "/api/v1/user/balance?input_format=json&input_data=%7B%0A%20%20%22token%22%20:%20%2296bdb4f6e5424aab3a201c923c30b224%22%0A%7D" for 92.46.10.202 at 2015-03-02 06:03:07 -0500
Processing by Api::V1::UsersController#balance as */*
  Parameters: {"input_format"=>"json", "input_data"=>"{\n  \"token\" : \"96bdb4f6e5424aab3a201c923c30b224\"\n}"}
  [1m[36mApiKey Load (0.4ms)[0m  [1mSELECT  "api_keys".* FROM "api_keys"  WHERE "api_keys"."access_token" = '96bdb4f6e5424aab3a201c923c30b224'  ORDER BY "api_keys"."id" ASC LIMIT 1[0m
  [1m[35mUser Load (0.2ms)[0m  SELECT  "users".* FROM "users"  WHERE "users"."id" = ? LIMIT 1  [["id", 9]]
  [1m[36mCACHE (0.0ms)[0m  [1mSELECT  "api_keys".* FROM "api_keys"  WHERE "api_keys"."access_token" = '96bdb4f6e5424aab3a201c923c30b224'  ORDER BY "api_keys"."id" ASC LIMIT 1[0m
  [1m[35mCACHE (0.0ms)[0m  SELECT  "api_keys".* FROM "api_keys"  WHERE "api_keys"."access_token" = '96bdb4f6e5424aab3a201c923c30b224'  ORDER BY "api_keys"."id" ASC LIMIT 1
  [1m[36mCACHE (0.0ms)[0m  [1mSELECT  "users".* FROM "users"  WHERE "users"."id" = ? LIMIT 1[0m  [["id", 9]]
Completed 201 Created in 9ms (Views: 0.4ms | ActiveRecord: 0.7ms)
